<?xml version="1.0" encoding="UTF-8"?>
<testsuite xmlns:xsi="http://www.w3.org/2001/XMLSchema-instance" xsi:noNamespaceSchemaLocation="https://maven.apache.org/surefire/maven-surefire-plugin/xsd/surefire-test-report-3.0.xsd" version="3.0" name="com.example.employeeService.EmployeeServiceApplicationTests" time="7.428" tests="1" errors="0" skipped="0" failures="0">
  <properties>
[...]
</properties>
  <testcase name="contextLoads" classname="com.example.employeeService.EmployeeServiceApplicationTests" time="1.672">
    <system-out><![CDATA[12:03:47.035 [main] INFO org.springframework.test.context.support.AnnotationConfigContextLoaderUtils -- Could not detect default configuration classes for test class [com.example.employeeService.EmployeeServiceApplicationTests]: EmployeeServiceApplicationTests does not declare any static, non-private, non-final, nested classes annotated with @Configuration.
12:03:47.280 [main] INFO org.springframework.boot.test.context.SpringBootTestContextBootstrapper -- Found @SpringBootConfiguration com.example.employeeService.EmployeeServiceApplication for test class com.example.employeeService.EmployeeServiceApplicationTests
12:03:47.593 [main] INFO org.springframework.boot.devtools.restart.RestartApplicationListener -- Restart disabled due to context in which it is running

  .   ____          _            __ _ _
 /\\ / ___'_ __ _ _(_)_ __  __ _ \ \ \ \
( ( )\___ | '_ | '_| | '_ \/ _` | \ \ \ \
 \\/  ___)| |_)| | | | | || (_| |  ) ) ) )
  '  |____| .__|_| |_|_| |_\__, | / / / /
 =========|_|==============|___/=/_/_/_/
 :: Spring Boot ::                (v3.2.5)

2024-12-25T12:03:48.073+05:30  INFO 14420 --- [employeeService] [           main] c.e.e.EmployeeServiceApplicationTests    : Starting EmployeeServiceApplicationTests using Java 20.0.2 with PID 14420 (started by Lenovo in F:\Internship Task\Staff Sync\employeeService)
2024-12-25T12:03:48.075+05:30  INFO 14420 --- [employeeService] [           main] c.e.e.EmployeeServiceApplicationTests    : No active profile set, falling back to 1 default profile: "default"
2024-12-25T12:03:49.383+05:30  INFO 14420 --- [employeeService] [           main] .s.d.r.c.RepositoryConfigurationDelegate : Multiple Spring Data modules found, entering strict repository configuration mode
2024-12-25T12:03:49.385+05:30  INFO 14420 --- [employeeService] [           main] .s.d.r.c.RepositoryConfigurationDelegate : Bootstrapping Spring Data MongoDB repositories in DEFAULT mode.
2024-12-25T12:03:49.418+05:30  INFO 14420 --- [employeeService] [           main] .s.d.r.c.RepositoryConfigurationDelegate : Finished Spring Data repository scanning in 26 ms. Found 0 MongoDB repository interfaces.
2024-12-25T12:03:50.473+05:30  INFO 14420 --- [employeeService] [           main] org.mongodb.driver.client                : MongoClient with metadata {"driver": {"name": "mongo-java-driver|sync", "version": "4.11.2"}, "os": {"type": "Windows", "name": "Windows 10", "architecture": "amd64", "version": "10.0"}, "platform": "Java/Oracle Corporation/20.0.2+9-78"} created with settings MongoClientSettings{readPreference=primary, writeConcern=WriteConcern{w=null, wTimeout=null ms, journal=null}, retryWrites=true, retryReads=true, readConcern=ReadConcern{level=null}, credential=MongoCredential{mechanism=null, userName='Rithik_Suthan_S', source='admin', password=<hidden>, mechanismProperties=<hidden>}, transportSettings=null, streamFactoryFactory=null, commandListeners=[], codecRegistry=ProvidersCodecRegistry{codecProviders=[ValueCodecProvider{}, BsonValueCodecProvider{}, DBRefCodecProvider{}, DBObjectCodecProvider{}, DocumentCodecProvider{}, CollectionCodecProvider{}, IterableCodecProvider{}, MapCodecProvider{}, GeoJsonCodecProvider{}, GridFSFileCodecProvider{}, Jsr310CodecProvider{}, JsonObjectCodecProvider{}, BsonCodecProvider{}, EnumCodecProvider{}, com.mongodb.client.model.mql.ExpressionCodecProvider@68b734a8, com.mongodb.Jep395RecordCodecProvider@1a464fa3, com.mongodb.KotlinCodecProvider@4215e133]}, loggerSettings=LoggerSettings{maxDocumentLength=1000}, clusterSettings={hosts=[127.0.0.1:27017], srvHost=cluster0.nwyrzl2.mongodb.net, srvServiceName=mongodb, mode=MULTIPLE, requiredClusterType=REPLICA_SET, requiredReplicaSetName='atlas-sya9t1-shard-0', serverSelector='null', clusterListeners='[]', serverSelectionTimeout='30000 ms', localThreshold='15 ms'}, socketSettings=SocketSettings{connectTimeoutMS=10000, readTimeoutMS=0, receiveBufferSize=0, proxySettings=ProxySettings{host=null, port=null, username=null, password=null}}, heartbeatSocketSettings=SocketSettings{connectTimeoutMS=10000, readTimeoutMS=10000, receiveBufferSize=0, proxySettings=ProxySettings{host=null, port=null, username=null, password=null}}, connectionPoolSettings=ConnectionPoolSettings{maxSize=100, minSize=0, maxWaitTimeMS=120000, maxConnectionLifeTimeMS=0, maxConnectionIdleTimeMS=0, maintenanceInitialDelayMS=0, maintenanceFrequencyMS=60000, connectionPoolListeners=[], maxConnecting=2}, serverSettings=ServerSettings{heartbeatFrequencyMS=10000, minHeartbeatFrequencyMS=500, serverListeners='[]', serverMonitorListeners='[]'}, sslSettings=SslSettings{enabled=true, invalidHostNameAllowed=false, context=null}, applicationName='null', compressorList=[], uuidRepresentation=UNSPECIFIED, serverApi=null, autoEncryptionSettings=null, dnsClient=null, inetAddressResolver=null, contextProvider=null}
2024-12-25T12:03:50.598+05:30  INFO 14420 --- [employeeService] [zl2.mongodb.net] org.mongodb.driver.cluster               : Adding discovered server ac-dlovyk2-shard-00-02.nwyrzl2.mongodb.net:27017 to client view of cluster
2024-12-25T12:03:50.650+05:30  INFO 14420 --- [employeeService] [zl2.mongodb.net] org.mongodb.driver.cluster               : Adding discovered server ac-dlovyk2-shard-00-01.nwyrzl2.mongodb.net:27017 to client view of cluster
2024-12-25T12:03:50.654+05:30  INFO 14420 --- [employeeService] [zl2.mongodb.net] org.mongodb.driver.cluster               : Adding discovered server ac-dlovyk2-shard-00-00.nwyrzl2.mongodb.net:27017 to client view of cluster
2024-12-25T12:03:52.056+05:30  INFO 14420 --- [employeeService] [           main] org.mongodb.driver.client                : MongoClient with metadata {"driver": {"name": "mongo-java-driver|sync|spring-boot", "version": "4.11.2"}, "os": {"type": "Windows", "name": "Windows 10", "architecture": "amd64", "version": "10.0"}, "platform": "Java/Oracle Corporation/20.0.2+9-78"} created with settings MongoClientSettings{readPreference=primary, writeConcern=WriteConcern{w=null, wTimeout=null ms, journal=null}, retryWrites=true, retryReads=true, readConcern=ReadConcern{level=null}, credential=MongoCredential{mechanism=null, userName='Rithik_Suthan_S', source='admin', password=<hidden>, mechanismProperties=<hidden>}, transportSettings=null, streamFactoryFactory=null, commandListeners=[], codecRegistry=ProvidersCodecRegistry{codecProviders=[ValueCodecProvider{}, BsonValueCodecProvider{}, DBRefCodecProvider{}, DBObjectCodecProvider{}, DocumentCodecProvider{}, CollectionCodecProvider{}, IterableCodecProvider{}, MapCodecProvider{}, GeoJsonCodecProvider{}, GridFSFileCodecProvider{}, Jsr310CodecProvider{}, JsonObjectCodecProvider{}, BsonCodecProvider{}, EnumCodecProvider{}, com.mongodb.client.model.mql.ExpressionCodecProvider@68b734a8, com.mongodb.Jep395RecordCodecProvider@1a464fa3, com.mongodb.KotlinCodecProvider@4215e133]}, loggerSettings=LoggerSettings{maxDocumentLength=1000}, clusterSettings={hosts=[127.0.0.1:27017], srvHost=cluster0.nwyrzl2.mongodb.net, srvServiceName=mongodb, mode=MULTIPLE, requiredClusterType=REPLICA_SET, requiredReplicaSetName='atlas-sya9t1-shard-0', serverSelector='null', clusterListeners='[]', serverSelectionTimeout='30000 ms', localThreshold='15 ms'}, socketSettings=SocketSettings{connectTimeoutMS=10000, readTimeoutMS=0, receiveBufferSize=0, proxySettings=ProxySettings{host=null, port=null, username=null, password=null}}, heartbeatSocketSettings=SocketSettings{connectTimeoutMS=10000, readTimeoutMS=10000, receiveBufferSize=0, proxySettings=ProxySettings{host=null, port=null, username=null, password=null}}, connectionPoolSettings=ConnectionPoolSettings{maxSize=100, minSize=0, maxWaitTimeMS=120000, maxConnectionLifeTimeMS=0, maxConnectionIdleTimeMS=0, maintenanceInitialDelayMS=0, maintenanceFrequencyMS=60000, connectionPoolListeners=[], maxConnecting=2}, serverSettings=ServerSettings{heartbeatFrequencyMS=10000, minHeartbeatFrequencyMS=500, serverListeners='[]', serverMonitorListeners='[]'}, sslSettings=SslSettings{enabled=true, invalidHostNameAllowed=false, context=null}, applicationName='null', compressorList=[], uuidRepresentation=JAVA_LEGACY, serverApi=null, autoEncryptionSettings=null, dnsClient=null, inetAddressResolver=null, contextProvider=null}
2024-12-25T12:03:52.311+05:30  INFO 14420 --- [employeeService] [           main] c.e.e.EmployeeServiceApplicationTests    : Started EmployeeServiceApplicationTests in 4.747 seconds (process running for 6.598)
2024-12-25T12:03:52.326+05:30  INFO 14420 --- [employeeService] [zl2.mongodb.net] org.mongodb.driver.cluster               : Adding discovered server ac-dlovyk2-shard-00-02.nwyrzl2.mongodb.net:27017 to client view of cluster
2024-12-25T12:03:52.329+05:30  INFO 14420 --- [employeeService] [zl2.mongodb.net] org.mongodb.driver.cluster               : Adding discovered server ac-dlovyk2-shard-00-01.nwyrzl2.mongodb.net:27017 to client view of cluster
2024-12-25T12:03:52.331+05:30  INFO 14420 --- [employeeService] [zl2.mongodb.net] org.mongodb.driver.cluster               : Adding discovered server ac-dlovyk2-shard-00-00.nwyrzl2.mongodb.net:27017 to client view of cluster
2024-12-25T12:03:53.059+05:30  INFO 14420 --- [employeeService] [ngodb.net:27017] org.mongodb.driver.cluster               : Monitor thread successfully connected to server with description ServerDescription{address=ac-dlovyk2-shard-00-01.nwyrzl2.mongodb.net:27017, type=REPLICA_SET_PRIMARY, state=CONNECTED, ok=true, minWireVersion=0, maxWireVersion=25, maxDocumentSize=16777216, logicalSessionTimeoutMinutes=30, roundTripTimeNanos=1376803500, setName='atlas-sya9t1-shard-0', canonicalAddress=ac-dlovyk2-shard-00-01.nwyrzl2.mongodb.net:27017, hosts=[ac-dlovyk2-shard-00-00.nwyrzl2.mongodb.net:27017, ac-dlovyk2-shard-00-02.nwyrzl2.mongodb.net:27017, ac-dlovyk2-shard-00-01.nwyrzl2.mongodb.net:27017], passives=[], arbiters=[], primary='ac-dlovyk2-shard-00-01.nwyrzl2.mongodb.net:27017', tagSet=TagSet{[Tag{name='availabilityZone', value='use1-az1'}, Tag{name='diskState', value='READY'}, Tag{name='nodeType', value='ELECTABLE'}, Tag{name='provider', value='AWS'}, Tag{name='region', value='US_EAST_1'}, Tag{name='workloadType', value='OPERATIONAL'}]}, electionId=7fffffff00000000000003bf, setVersion=159, topologyVersion=TopologyVersion{processId=67589f292d9a55db40d73e70, counter=6}, lastWriteDate=Wed Dec 25 12:03:53 IST 2024, lastUpdateTimeNanos=5663164992900}
2024-12-25T12:03:53.065+05:30  INFO 14420 --- [employeeService] [ngodb.net:27017] org.mongodb.driver.cluster               : Monitor thread successfully connected to server with description ServerDescription{address=ac-dlovyk2-shard-00-02.nwyrzl2.mongodb.net:27017, type=REPLICA_SET_SECONDARY, state=CONNECTED, ok=true, minWireVersion=0, maxWireVersion=25, maxDocumentSize=16777216, logicalSessionTimeoutMinutes=30, roundTripTimeNanos=1385647600, setName='atlas-sya9t1-shard-0', canonicalAddress=ac-dlovyk2-shard-00-02.nwyrzl2.mongodb.net:27017, hosts=[ac-dlovyk2-shard-00-00.nwyrzl2.mongodb.net:27017, ac-dlovyk2-shard-00-02.nwyrzl2.mongodb.net:27017, ac-dlovyk2-shard-00-01.nwyrzl2.mongodb.net:27017], passives=[], arbiters=[], primary='ac-dlovyk2-shard-00-01.nwyrzl2.mongodb.net:27017', tagSet=TagSet{[Tag{name='availabilityZone', value='use1-az2'}, Tag{name='diskState', value='READY'}, Tag{name='nodeType', value='ELECTABLE'}, Tag{name='provider', value='AWS'}, Tag{name='region', value='US_EAST_1'}, Tag{name='workloadType', value='OPERATIONAL'}]}, electionId=null, setVersion=159, topologyVersion=TopologyVersion{processId=67589f744aad63ca960a9213, counter=3}, lastWriteDate=Wed Dec 25 12:03:53 IST 2024, lastUpdateTimeNanos=5663173816700}
2024-12-25T12:03:53.067+05:30  INFO 14420 --- [employeeService] [ngodb.net:27017] org.mongodb.driver.cluster               : Discovered replica set primary ac-dlovyk2-shard-00-01.nwyrzl2.mongodb.net:27017 with max election id 7fffffff00000000000003bf and max set version 159
2024-12-25T12:03:53.105+05:30  INFO 14420 --- [employeeService] [ngodb.net:27017] org.mongodb.driver.cluster               : Monitor thread successfully connected to server with description ServerDescription{address=ac-dlovyk2-shard-00-00.nwyrzl2.mongodb.net:27017, type=REPLICA_SET_SECONDARY, state=CONNECTED, ok=true, minWireVersion=0, maxWireVersion=25, maxDocumentSize=16777216, logicalSessionTimeoutMinutes=30, roundTripTimeNanos=1425834000, setName='atlas-sya9t1-shard-0', canonicalAddress=ac-dlovyk2-shard-00-00.nwyrzl2.mongodb.net:27017, hosts=[ac-dlovyk2-shard-00-00.nwyrzl2.mongodb.net:27017, ac-dlovyk2-shard-00-02.nwyrzl2.mongodb.net:27017, ac-dlovyk2-shard-00-01.nwyrzl2.mongodb.net:27017], passives=[], arbiters=[], primary='ac-dlovyk2-shard-00-01.nwyrzl2.mongodb.net:27017', tagSet=TagSet{[Tag{name='availabilityZone', value='use1-az6'}, Tag{name='diskState', value='READY'}, Tag{name='nodeType', value='ELECTABLE'}, Tag{name='provider', value='AWS'}, Tag{name='region', value='US_EAST_1'}, Tag{name='workloadType', value='OPERATIONAL'}]}, electionId=null, setVersion=159, topologyVersion=TopologyVersion{processId=67589edf1233480bd9ba79df, counter=4}, lastWriteDate=Wed Dec 25 12:03:53 IST 2024, lastUpdateTimeNanos=5663213842700}
2024-12-25T12:03:53.205+05:30  INFO 14420 --- [employeeService] [ngodb.net:27017] org.mongodb.driver.cluster               : Monitor thread successfully connected to server with description ServerDescription{address=ac-dlovyk2-shard-00-01.nwyrzl2.mongodb.net:27017, type=REPLICA_SET_PRIMARY, state=CONNECTED, ok=true, minWireVersion=0, maxWireVersion=25, maxDocumentSize=16777216, logicalSessionTimeoutMinutes=30, roundTripTimeNanos=587643200, setName='atlas-sya9t1-shard-0', canonicalAddress=ac-dlovyk2-shard-00-01.nwyrzl2.mongodb.net:27017, hosts=[ac-dlovyk2-shard-00-00.nwyrzl2.mongodb.net:27017, ac-dlovyk2-shard-00-02.nwyrzl2.mongodb.net:27017, ac-dlovyk2-shard-00-01.nwyrzl2.mongodb.net:27017], passives=[], arbiters=[], primary='ac-dlovyk2-shard-00-01.nwyrzl2.mongodb.net:27017', tagSet=TagSet{[Tag{name='availabilityZone', value='use1-az1'}, Tag{name='diskState', value='READY'}, Tag{name='nodeType', value='ELECTABLE'}, Tag{name='provider', value='AWS'}, Tag{name='region', value='US_EAST_1'}, Tag{name='workloadType', value='OPERATIONAL'}]}, electionId=7fffffff00000000000003bf, setVersion=159, topologyVersion=TopologyVersion{processId=67589f292d9a55db40d73e70, counter=6}, lastWriteDate=Wed Dec 25 12:03:54 IST 2024, lastUpdateTimeNanos=5663314337900}
2024-12-25T12:03:53.206+05:30  INFO 14420 --- [employeeService] [ngodb.net:27017] org.mongodb.driver.cluster               : Discovered replica set primary ac-dlovyk2-shard-00-01.nwyrzl2.mongodb.net:27017 with max election id 7fffffff00000000000003bf and max set version 159
2024-12-25T12:03:53.208+05:30  INFO 14420 --- [employeeService] [ngodb.net:27017] org.mongodb.driver.cluster               : Monitor thread successfully connected to server with description ServerDescription{address=ac-dlovyk2-shard-00-02.nwyrzl2.mongodb.net:27017, type=REPLICA_SET_SECONDARY, state=CONNECTED, ok=true, minWireVersion=0, maxWireVersion=25, maxDocumentSize=16777216, logicalSessionTimeoutMinutes=30, roundTripTimeNanos=584300000, setName='atlas-sya9t1-shard-0', canonicalAddress=ac-dlovyk2-shard-00-02.nwyrzl2.mongodb.net:27017, hosts=[ac-dlovyk2-shard-00-00.nwyrzl2.mongodb.net:27017, ac-dlovyk2-shard-00-02.nwyrzl2.mongodb.net:27017, ac-dlovyk2-shard-00-01.nwyrzl2.mongodb.net:27017], passives=[], arbiters=[], primary='ac-dlovyk2-shard-00-01.nwyrzl2.mongodb.net:27017', tagSet=TagSet{[Tag{name='availabilityZone', value='use1-az2'}, Tag{name='diskState', value='READY'}, Tag{name='nodeType', value='ELECTABLE'}, Tag{name='provider', value='AWS'}, Tag{name='region', value='US_EAST_1'}, Tag{name='workloadType', value='OPERATIONAL'}]}, electionId=null, setVersion=159, topologyVersion=TopologyVersion{processId=67589f744aad63ca960a9213, counter=3}, lastWriteDate=Wed Dec 25 12:03:54 IST 2024, lastUpdateTimeNanos=5663317133100}
2024-12-25T12:03:53.244+05:30  INFO 14420 --- [employeeService] [ngodb.net:27017] org.mongodb.driver.cluster               : Monitor thread successfully connected to server with description ServerDescription{address=ac-dlovyk2-shard-00-00.nwyrzl2.mongodb.net:27017, type=REPLICA_SET_SECONDARY, state=CONNECTED, ok=true, minWireVersion=0, maxWireVersion=25, maxDocumentSize=16777216, logicalSessionTimeoutMinutes=30, roundTripTimeNanos=593885000, setName='atlas-sya9t1-shard-0', canonicalAddress=ac-dlovyk2-shard-00-00.nwyrzl2.mongodb.net:27017, hosts=[ac-dlovyk2-shard-00-00.nwyrzl2.mongodb.net:27017, ac-dlovyk2-shard-00-02.nwyrzl2.mongodb.net:27017, ac-dlovyk2-shard-00-01.nwyrzl2.mongodb.net:27017], passives=[], arbiters=[], primary='ac-dlovyk2-shard-00-01.nwyrzl2.mongodb.net:27017', tagSet=TagSet{[Tag{name='availabilityZone', value='use1-az6'}, Tag{name='diskState', value='READY'}, Tag{name='nodeType', value='ELECTABLE'}, Tag{name='provider', value='AWS'}, Tag{name='region', value='US_EAST_1'}, Tag{name='workloadType', value='OPERATIONAL'}]}, electionId=null, setVersion=159, topologyVersion=TopologyVersion{processId=67589edf1233480bd9ba79df, counter=4}, lastWriteDate=Wed Dec 25 12:03:54 IST 2024, lastUpdateTimeNanos=5663353248300}
]]></system-out>
  </testcase>
</testsuite>